Starting migrations...
======================
> Network name:    'mumbaitestnet'
> Network id:      80001
> Block gas limit: 20000000 (0x1312d00)


2_deploy_contracts.js
=====================

   Deploying 'AutoFeed'
   --------------------
   > transaction hash:    0xe4b1aa85d24b55b032c1d3f7fef0abeede7c16a895c31cdc0d88cdc2a81d832a
   > Blocks: 2            Seconds: 8
   > contract address:    0xF1CAD81D1E255D7cF15EE5a1d4e08664b8637B4B
   > block number:        23940338
   > block timestamp:     1642325496
   > account:             0x954B780B449e45e423bA93F06EcafD553DEe03AF
   > balance:             0.994520442480921438
   > gas used:            1015637 (0xf7f55)
   > gas price:           2.500000008 gwei
   > value sent:          0 ETH
   > total cost:          0.002539092508125096 ETH

   Pausing for 2 confirmations...
   ------------------------------
   > confirmation number: 1 (block: 23940339)
   > confirmation number: 2 (block: 23940340)

   > Saving migration to chain.
   > Saving artifacts
   -------------------------------------
   > Total cost:     0.002539092508125096 ETH


Summary
=======
> Total deployments:   1
> Final cost:          0.002539092508125096 ETH